[2024-06-24T16:49:03.307] [DEBUG] default - GET /login
[2024-06-24T16:49:26.137] [DEBUG] default - GET /login
[2024-06-24T16:51:29.877] [DEBUG] default - GET /login
[2024-06-24T16:52:46.614] [DEBUG] default - GET /login
[2024-06-24T16:53:38.401] [DEBUG] default - GET /login
[2024-06-24T16:54:17.541] [DEBUG] default - GET /login
[2024-06-24T16:56:15.504] [DEBUG] default - GET /login
[2024-06-24T16:57:36.518] [DEBUG] default - GET /login
[2024-06-24T16:58:08.637] [DEBUG] default - GET /login
[2024-06-24T17:01:27.394] [DEBUG] default - GET /login
[2024-06-24T17:03:32.012] [DEBUG] default - GET /login
[2024-06-24T17:03:33.786] [DEBUG] default - GET /login
[2024-06-24T17:03:34.411] [DEBUG] default - GET /login
[2024-06-24T17:03:45.016] [DEBUG] default - GET /login
[2024-06-24T22:08:33.692] [DEBUG] default - GET /
[2024-06-24T22:08:38.351] [DEBUG] default - GET /login
[2024-06-24T22:08:38.485] [DEBUG] default - GET /favicon.ico
[2024-06-25T10:38:54.438] [DEBUG] default - GET /
[2024-06-25T10:39:48.215] [DEBUG] default - GET /
[2024-06-25T10:39:59.729] [DEBUG] default - GET /
[2024-06-25T11:20:41.013] [DEBUG] default - GET /login
[2024-06-25T13:51:24.728] [DEBUG] default - GET /login?username,=admin&password=123
[2024-06-25T13:51:34.717] [DEBUG] default - GET /login?username=admin&password=123
[2024-06-25T13:51:46.678] [DEBUG] default - GET /login?user=admin&password=123
[2024-06-25T13:52:17.011] [DEBUG] default - GET /login?username=admin&password=123
[2024-06-25T13:53:07.022] [DEBUG] default - GET /login?username=admin&password=123
[2024-06-25T13:53:24.556] [DEBUG] default - POST /login?username=admin&password=123
[2024-06-25T13:55:21.197] [DEBUG] default - POST /login?username=admin&password=123
[2024-06-25T13:55:47.420] [DEBUG] default - POST /login?username=admin&password=123
[2024-06-25T13:57:27.876] [DEBUG] default - POST /login?username=admin&password=123456
[2024-06-25T13:59:06.724] [DEBUG] default - POST /login?username=admin&password=123456
[2024-06-25T14:00:06.730] [DEBUG] default - POST /login?username=admin&password=123456
[2024-06-25T14:00:37.415] [DEBUG] default - POST /login?username=admin&password=123456
[2024-06-25T14:01:04.680] [DEBUG] default - POST /login?username=admin&password=123456
[2024-06-25T14:04:25.766] [DEBUG] default - POST /login
[2024-06-25T14:05:04.907] [DEBUG] default - POST /login
[2024-06-25T14:07:26.323] [DEBUG] default - POST /login
[2024-06-25T14:09:08.280] [DEBUG] default - POST /login
[2024-06-25T14:10:01.437] [DEBUG] default - POST /login
[2024-06-25T14:10:16.267] [DEBUG] default - POST /login
[2024-06-25T14:10:38.833] [DEBUG] default - POST /login
[2024-06-25T14:14:16.190] [DEBUG] default - POST /api/login
[2024-06-25T14:15:12.163] [DEBUG] default - POST /api/login
[2024-06-25T14:15:39.263] [DEBUG] default - POST /api/login
[2024-06-25T14:16:13.347] [DEBUG] default - POST /login
[2024-06-25T14:16:57.432] [DEBUG] default - POST /login
[2024-06-25T14:17:56.380] [DEBUG] default - POST /login
[2024-06-25T14:26:49.311] [DEBUG] default - POST /login
[2024-06-25T14:26:55.473] [DEBUG] default - POST /login
[2024-06-25T14:27:44.185] [DEBUG] default - POST /login
[2024-06-25T14:28:33.817] [DEBUG] default - POST /login
[2024-06-25T14:30:11.691] [DEBUG] default - POST /login
[2024-06-25T14:30:50.687] [DEBUG] default - POST /login
[2024-06-25T14:31:19.167] [DEBUG] default - POST /login
[2024-06-25T14:31:46.574] [DEBUG] default - POST /login
[2024-06-25T14:34:02.427] [DEBUG] default - POST /login
[2024-06-25T14:36:29.185] [DEBUG] default - POST /login
[2024-06-25T14:38:35.316] [DEBUG] default - POST /login
[2024-06-25T14:40:20.672] [DEBUG] default - POST /login
[2024-06-25T14:41:01.346] [DEBUG] default - POST /login
[2024-06-25T14:42:01.860] [DEBUG] default - POST /login
[2024-06-25T14:42:18.287] [DEBUG] default - POST /login
[2024-06-25T14:57:48.390] [DEBUG] default - POST /login
[2024-06-25T14:58:33.614] [DEBUG] default - GET /user/admin
[2024-06-25T14:59:32.907] [DEBUG] default - GET /user/admin
[2024-06-25T14:59:44.430] [DEBUG] default - POST /login
[2024-06-25T14:59:54.155] [DEBUG] default - GET /user/admin
[2024-06-25T15:00:22.334] [DEBUG] default - GET /user/admin
[2024-06-25T15:00:35.083] [DEBUG] default - GET /user/admin
[2024-06-25T15:20:16.937] [DEBUG] default - POST /login
[2024-06-25T15:20:31.265] [DEBUG] default - GET /menu/admin
[2024-06-25T15:21:16.396] [DEBUG] default - GET /menu/admin
[2024-06-25T15:21:20.898] [DEBUG] default - POST /login
[2024-06-25T15:21:29.559] [DEBUG] default - GET /menu/admin
[2024-06-25T15:22:51.643] [DEBUG] default - GET /menu/admin
[2024-06-25T15:22:57.728] [DEBUG] default - POST /login
[2024-06-25T15:23:07.651] [DEBUG] default - GET /menu/admin
[2024-06-25T15:23:53.717] [DEBUG] default - GET /menu/admin
[2024-06-25T15:25:27.260] [DEBUG] default - GET /menu/admin
[2024-06-25T15:25:45.958] [DEBUG] default - GET /menu/admin
[2024-06-25T15:26:01.075] [DEBUG] default - GET /menu/admin
[2024-06-25T15:27:06.858] [DEBUG] default - GET /menu/admin
[2024-06-25T15:27:35.918] [DEBUG] default - GET /menu/admin
[2024-06-25T15:27:53.562] [DEBUG] default - GET /menu/admin
[2024-06-25T15:28:19.434] [DEBUG] default - GET /menu/admin
[2024-06-25T15:28:20.596] [DEBUG] default - GET /menu/admin
[2024-06-25T15:28:21.356] [DEBUG] default - GET /menu/admin
[2024-06-25T15:28:22.098] [DEBUG] default - GET /menu/admin
[2024-06-25T15:28:23.008] [DEBUG] default - GET /menu/admin
[2024-06-25T15:28:23.909] [DEBUG] default - GET /menu/admin
[2024-06-25T15:28:39.573] [DEBUG] default - GET /menu/admin
[2024-06-25T15:34:03.945] [DEBUG] default - GET /logout
[2024-06-25T15:46:55.008] [DEBUG] default - POST /logout
[2024-06-25T15:47:18.719] [DEBUG] default - POST /logout
[2024-06-25T15:52:42.900] [DEBUG] default - POST /logout
[2024-06-25T16:03:18.132] [DEBUG] default - POST /logout
[2024-06-25T16:03:41.008] [DEBUG] default - POST /logout
[2024-06-25T16:04:22.888] [DEBUG] default - POST /logout
[2024-06-25T16:04:53.982] [DEBUG] default - POST /logout
[2024-06-25T16:05:28.989] [DEBUG] default - POST /logout
[2024-06-25T16:08:33.131] [DEBUG] default - POST /logout
[2024-06-25T16:08:34.355] [DEBUG] default - POST /logout
[2024-06-25T16:08:35.346] [DEBUG] default - POST /logout
[2024-06-25T16:08:36.108] [DEBUG] default - POST /logout
[2024-06-25T16:08:37.166] [DEBUG] default - POST /logout
[2024-06-26T09:51:22.685] [DEBUG] default - GET /
[2024-06-26T09:51:29.482] [DEBUG] default - GET /favicon.ico
[2024-06-26T09:51:56.629] [DEBUG] default - GET /menu/admin
[2024-06-26T09:52:09.777] [DEBUG] default - POST /login
[2024-06-26T09:52:27.320] [DEBUG] default - GET /user/admin
[2024-06-26T09:52:36.207] [DEBUG] default - GET /menu/admin
[2024-06-26T09:52:49.362] [DEBUG] default - POST /logout
[2024-06-26T09:56:51.576] [DEBUG] default - POST /logout
[2024-06-26T09:57:44.817] [DEBUG] default - POST /login
[2024-06-26T09:57:57.333] [DEBUG] default - GET /menu/admin
[2024-06-26T09:58:00.083] [DEBUG] default - POST /logout
[2024-06-26T09:59:40.388] [DEBUG] default - POST /login
[2024-06-26T09:59:42.350] [DEBUG] default - POST /logout
[2024-06-26T09:59:46.383] [DEBUG] default - GET /menu/admin
[2024-06-26T09:59:47.424] [DEBUG] default - GET /menu/admin
[2024-06-26T09:59:48.172] [DEBUG] default - GET /menu/admin
[2024-06-26T09:59:48.859] [DEBUG] default - GET /menu/admin
[2024-06-26T09:59:49.576] [DEBUG] default - GET /menu/admin
[2024-06-26T10:00:40.729] [DEBUG] default - POST /logout
[2024-06-26T14:13:58.099] [DEBUG] default - POST /login
[2024-06-26T14:14:13.451] [DEBUG] default - GET /user/admin
[2024-06-26T14:15:44.848] [DEBUG] default - GET /user/admin
[2024-06-26T14:16:05.614] [DEBUG] default - GET /user/admin
[2024-06-26T14:19:59.869] [DEBUG] default - GET /user/admin
[2024-06-26T14:21:40.850] [DEBUG] default - GET /user/admin
[2024-06-26T14:22:28.157] [DEBUG] default - GET /user/admin
[2024-06-26T14:23:40.406] [DEBUG] default - GET /user/admin
[2024-06-26T14:23:51.555] [DEBUG] default - GET /user/admin
[2024-06-26T14:24:04.447] [DEBUG] default - GET /user/admin
[2024-06-26T14:24:43.310] [DEBUG] default - GET /user/admin
[2024-06-26T14:25:06.725] [DEBUG] default - GET /user/admin
[2024-06-26T14:25:28.012] [DEBUG] default - GET /user/admin
[2024-06-26T14:26:06.554] [DEBUG] default - GET /user/admin
[2024-06-26T15:27:50.253] [DEBUG] default - GET /user/admin
[2024-06-26T15:28:06.395] [DEBUG] default - POST /login
[2024-06-26T15:28:20.670] [DEBUG] default - GET /user/admin
[2024-06-26T15:28:59.038] [DEBUG] default - GET /user/admin
[2024-06-26T15:51:32.088] [DEBUG] default - GET /user/admin
[2024-06-26T15:51:58.176] [DEBUG] default - GET /user/admin
[2024-06-26T15:54:31.770] [DEBUG] default - GET /user/admin
[2024-06-26T15:55:36.065] [DEBUG] default - GET /user/admin
[2024-06-26T15:55:56.052] [DEBUG] default - GET /user/admin
[2024-06-26T15:58:06.352] [DEBUG] default - GET /user/admin
[2024-06-26T15:58:38.650] [DEBUG] default - GET /user/admin
[2024-06-26T15:58:39.766] [DEBUG] default - GET /user/admin
[2024-06-26T15:58:52.839] [DEBUG] default - GET /user/admin
[2024-06-26T16:00:16.387] [DEBUG] default - GET /user/admin
[2024-06-26T16:00:49.864] [DEBUG] default - GET /user/admin
[2024-06-26T16:02:28.551] [DEBUG] default - GET /user/admin
[2024-06-26T16:02:56.163] [DEBUG] default - GET /user/admin
[2024-06-26T16:03:27.268] [DEBUG] default - GET /user/admin
[2024-06-26T16:04:09.826] [DEBUG] default - GET /user/admin
[2024-06-26T16:28:19.405] [DEBUG] default - GET /user/admin
[2024-06-26T16:28:22.612] [DEBUG] default - POST /login
[2024-06-26T16:28:36.316] [DEBUG] default - GET /user/admin
[2024-06-26T16:28:55.203] [DEBUG] default - GET /user/admin
[2024-06-26T16:30:29.081] [DEBUG] default - GET /user/admin
[2024-06-26T16:30:41.036] [DEBUG] default - GET /user/admin
[2024-06-26T16:31:32.574] [DEBUG] default - GET /user/admin
[2024-06-26T16:31:53.918] [DEBUG] default - GET /user/admin
[2024-06-26T16:32:05.087] [DEBUG] default - GET /user/admin
[2024-06-26T16:32:26.392] [DEBUG] default - GET /user/admin
[2024-06-26T16:34:11.368] [DEBUG] default - GET /user/admin
[2024-06-26T16:34:52.286] [DEBUG] default - GET /user/admin
[2024-06-26T16:42:37.807] [DEBUG] default - GET /user/admin
[2024-06-26T16:43:09.214] [DEBUG] default - GET /user/admin
[2024-06-26T16:43:28.540] [DEBUG] default - GET /user/admin
[2024-06-26T16:43:45.188] [DEBUG] default - GET /user/admin
[2024-06-26T16:44:07.738] [DEBUG] default - GET /user/admin
[2024-06-26T16:44:35.237] [DEBUG] default - GET /user/admin
[2024-06-26T16:45:12.262] [DEBUG] default - GET /user/admin
[2024-06-26T16:49:01.592] [DEBUG] default - GET /user/admin
[2024-06-26T16:55:01.007] [DEBUG] default - GET /user/admin
[2024-06-26T16:55:40.443] [DEBUG] default - GET /user/admin
[2024-06-26T16:56:16.703] [DEBUG] default - GET /user/admin
[2024-06-26T16:56:37.910] [DEBUG] default - GET /user/admin
[2024-06-26T16:58:21.155] [DEBUG] default - GET /user/admin
[2024-06-26T17:05:15.131] [DEBUG] default - GET /user/admin
[2024-06-26T17:05:27.250] [DEBUG] default - GET /user/admin
[2024-06-26T17:05:37.871] [DEBUG] default - GET /menu/admin
[2024-06-26T17:27:29.594] [DEBUG] default - GET /menu/admin
[2024-06-26T17:28:06.385] [DEBUG] default - GET /menu/admin
[2024-06-26T17:28:37.062] [DEBUG] default - GET /user/admin
[2024-06-26T17:28:38.969] [DEBUG] default - GET /user/admin
[2024-06-26T17:28:40.754] [DEBUG] default - GET /menu/admin
[2024-06-26T17:28:48.292] [DEBUG] default - POST /login
[2024-06-26T17:28:58.082] [DEBUG] default - GET /menu/admin
[2024-06-26T17:29:07.278] [DEBUG] default - GET /user/admin
[2024-06-26T17:29:15.068] [DEBUG] default - GET /user/admin
[2024-06-26T17:30:44.731] [DEBUG] default - GET /user/admin
[2024-06-26T17:31:07.817] [DEBUG] default - GET /user/admin
[2024-06-26T17:31:08.600] [DEBUG] default - GET /user/admin
[2024-06-26T17:31:20.737] [DEBUG] default - GET /user/admin
[2024-06-26T17:31:23.736] [DEBUG] default - GET /menu/admin
[2024-06-26T17:31:42.986] [DEBUG] default - GET /menu/admin
[2024-06-26T17:32:03.826] [DEBUG] default - GET /menu/admin
[2024-06-26T17:32:39.355] [DEBUG] default - GET /user/admin
[2024-06-26T17:32:51.626] [DEBUG] default - GET /menu/admin
[2024-06-26T17:32:52.535] [DEBUG] default - GET /menu/admin
[2024-06-26T17:32:55.119] [DEBUG] default - GET /user/admin
[2024-06-26T17:32:55.930] [DEBUG] default - GET /user/admin
[2024-06-26T17:32:56.196] [DEBUG] default - GET /user/admin
[2024-06-26T17:32:56.509] [DEBUG] default - GET /user/admin
[2024-06-26T17:32:56.846] [DEBUG] default - GET /user/admin
[2024-06-26T17:32:57.092] [DEBUG] default - GET /user/admin
[2024-06-26T17:43:46.919] [DEBUG] default - GET /user/admin
[2024-06-26T17:43:54.001] [DEBUG] default - GET /user/admin
[2024-06-26T17:44:58.874] [DEBUG] default - GET /user/admin
[2024-06-26T17:45:03.390] [DEBUG] default - GET /menu/admin
[2024-06-26T17:45:21.550] [DEBUG] default - GET /menu/admin
[2024-06-26T17:45:55.966] [DEBUG] default - GET /menu/admin
[2024-06-26T17:46:48.775] [DEBUG] default - GET /menu/admin
